[2021-04-05T09:28:43,723][INFO ][o.e.n.Node               ] [KUBUNTU] version[7.12.0], pid[3999], build[default/tar/78722783c38caa25a70982b5b042074cde5d3b3a/2021-03-18T06:17:15.410153305Z], OS[Linux/4.15.0-140-generic/amd64], JVM[AdoptOpenJDK/OpenJDK 64-Bit Server VM/15.0.1/15.0.1+9]
[2021-04-05T09:28:43,770][INFO ][o.e.n.Node               ] [KUBUNTU] JVM home [/home/joseph/文件/Web Intelligence and Message Understanding/assigmment1/elasticsearch-7.12.0/jdk], using bundled JDK [true]
[2021-04-05T09:28:43,770][INFO ][o.e.n.Node               ] [KUBUNTU] JVM arguments [-Xshare:auto, -Des.networkaddress.cache.ttl=60, -Des.networkaddress.cache.negative.ttl=10, -XX:+AlwaysPreTouch, -Xss1m, -Djava.awt.headless=true, -Dfile.encoding=UTF-8, -Djna.nosys=true, -XX:-OmitStackTraceInFastThrow, -XX:+ShowCodeDetailsInExceptionMessages, -Dio.netty.noUnsafe=true, -Dio.netty.noKeySetOptimization=true, -Dio.netty.recycler.maxCapacityPerThread=0, -Dio.netty.allocator.numDirectArenas=0, -Dlog4j.shutdownHookEnabled=false, -Dlog4j2.disable.jmx=true, -Djava.locale.providers=SPI,COMPAT, --add-opens=java.base/java.io=ALL-UNNAMED, -XX:+UseG1GC, -Djava.io.tmpdir=/tmp/elasticsearch-15804942558870423910, -XX:+HeapDumpOnOutOfMemoryError, -XX:HeapDumpPath=data, -XX:ErrorFile=logs/hs_err_pid%p.log, -Xlog:gc*,gc+age=trace,safepoint:file=logs/gc.log:utctime,pid,tags:filecount=32,filesize=64m, -Xms3938m, -Xmx3938m, -XX:MaxDirectMemorySize=2064646144, -XX:G1HeapRegionSize=4m, -XX:InitiatingHeapOccupancyPercent=30, -XX:G1ReservePercent=15, -Des.path.home=/home/joseph/文件/Web Intelligence and Message Understanding/assigmment1/elasticsearch-7.12.0, -Des.path.conf=/home/joseph/文件/Web Intelligence and Message Understanding/assigmment1/elasticsearch-7.12.0/config, -Des.distribution.flavor=default, -Des.distribution.type=tar, -Des.bundled_jdk=true]
[2021-04-05T09:28:51,229][INFO ][o.e.p.PluginsService     ] [KUBUNTU] loaded module [aggs-matrix-stats]
[2021-04-05T09:28:51,230][INFO ][o.e.p.PluginsService     ] [KUBUNTU] loaded module [analysis-common]
[2021-04-05T09:28:51,230][INFO ][o.e.p.PluginsService     ] [KUBUNTU] loaded module [constant-keyword]
[2021-04-05T09:28:51,231][INFO ][o.e.p.PluginsService     ] [KUBUNTU] loaded module [flattened]
[2021-04-05T09:28:51,231][INFO ][o.e.p.PluginsService     ] [KUBUNTU] loaded module [frozen-indices]
[2021-04-05T09:28:51,231][INFO ][o.e.p.PluginsService     ] [KUBUNTU] loaded module [ingest-common]
[2021-04-05T09:28:51,232][INFO ][o.e.p.PluginsService     ] [KUBUNTU] loaded module [ingest-geoip]
[2021-04-05T09:28:51,232][INFO ][o.e.p.PluginsService     ] [KUBUNTU] loaded module [ingest-user-agent]
[2021-04-05T09:28:51,233][INFO ][o.e.p.PluginsService     ] [KUBUNTU] loaded module [kibana]
[2021-04-05T09:28:51,233][INFO ][o.e.p.PluginsService     ] [KUBUNTU] loaded module [lang-expression]
[2021-04-05T09:28:51,233][INFO ][o.e.p.PluginsService     ] [KUBUNTU] loaded module [lang-mustache]
[2021-04-05T09:28:51,234][INFO ][o.e.p.PluginsService     ] [KUBUNTU] loaded module [lang-painless]
[2021-04-05T09:28:51,234][INFO ][o.e.p.PluginsService     ] [KUBUNTU] loaded module [mapper-extras]
[2021-04-05T09:28:51,234][INFO ][o.e.p.PluginsService     ] [KUBUNTU] loaded module [mapper-version]
[2021-04-05T09:28:51,235][INFO ][o.e.p.PluginsService     ] [KUBUNTU] loaded module [parent-join]
[2021-04-05T09:28:51,235][INFO ][o.e.p.PluginsService     ] [KUBUNTU] loaded module [percolator]
[2021-04-05T09:28:51,235][INFO ][o.e.p.PluginsService     ] [KUBUNTU] loaded module [rank-eval]
[2021-04-05T09:28:51,236][INFO ][o.e.p.PluginsService     ] [KUBUNTU] loaded module [reindex]
[2021-04-05T09:28:51,236][INFO ][o.e.p.PluginsService     ] [KUBUNTU] loaded module [repositories-metering-api]
[2021-04-05T09:28:51,236][INFO ][o.e.p.PluginsService     ] [KUBUNTU] loaded module [repository-encrypted]
[2021-04-05T09:28:51,237][INFO ][o.e.p.PluginsService     ] [KUBUNTU] loaded module [repository-url]
[2021-04-05T09:28:51,237][INFO ][o.e.p.PluginsService     ] [KUBUNTU] loaded module [search-business-rules]
[2021-04-05T09:28:51,237][INFO ][o.e.p.PluginsService     ] [KUBUNTU] loaded module [searchable-snapshots]
[2021-04-05T09:28:51,238][INFO ][o.e.p.PluginsService     ] [KUBUNTU] loaded module [snapshot-repo-test-kit]
[2021-04-05T09:28:51,238][INFO ][o.e.p.PluginsService     ] [KUBUNTU] loaded module [spatial]
[2021-04-05T09:28:51,239][INFO ][o.e.p.PluginsService     ] [KUBUNTU] loaded module [transform]
[2021-04-05T09:28:51,239][INFO ][o.e.p.PluginsService     ] [KUBUNTU] loaded module [transport-netty4]
[2021-04-05T09:28:51,240][INFO ][o.e.p.PluginsService     ] [KUBUNTU] loaded module [unsigned-long]
[2021-04-05T09:28:51,240][INFO ][o.e.p.PluginsService     ] [KUBUNTU] loaded module [vectors]
[2021-04-05T09:28:51,241][INFO ][o.e.p.PluginsService     ] [KUBUNTU] loaded module [wildcard]
[2021-04-05T09:28:51,241][INFO ][o.e.p.PluginsService     ] [KUBUNTU] loaded module [x-pack-aggregate-metric]
[2021-04-05T09:28:51,241][INFO ][o.e.p.PluginsService     ] [KUBUNTU] loaded module [x-pack-analytics]
[2021-04-05T09:28:51,242][INFO ][o.e.p.PluginsService     ] [KUBUNTU] loaded module [x-pack-async]
[2021-04-05T09:28:51,242][INFO ][o.e.p.PluginsService     ] [KUBUNTU] loaded module [x-pack-async-search]
[2021-04-05T09:28:51,243][INFO ][o.e.p.PluginsService     ] [KUBUNTU] loaded module [x-pack-autoscaling]
[2021-04-05T09:28:51,243][INFO ][o.e.p.PluginsService     ] [KUBUNTU] loaded module [x-pack-ccr]
[2021-04-05T09:28:51,243][INFO ][o.e.p.PluginsService     ] [KUBUNTU] loaded module [x-pack-core]
[2021-04-05T09:28:51,244][INFO ][o.e.p.PluginsService     ] [KUBUNTU] loaded module [x-pack-data-streams]
[2021-04-05T09:28:51,244][INFO ][o.e.p.PluginsService     ] [KUBUNTU] loaded module [x-pack-deprecation]
[2021-04-05T09:28:51,244][INFO ][o.e.p.PluginsService     ] [KUBUNTU] loaded module [x-pack-enrich]
[2021-04-05T09:28:51,245][INFO ][o.e.p.PluginsService     ] [KUBUNTU] loaded module [x-pack-eql]
[2021-04-05T09:28:51,245][INFO ][o.e.p.PluginsService     ] [KUBUNTU] loaded module [x-pack-fleet]
[2021-04-05T09:28:51,245][INFO ][o.e.p.PluginsService     ] [KUBUNTU] loaded module [x-pack-graph]
[2021-04-05T09:28:51,246][INFO ][o.e.p.PluginsService     ] [KUBUNTU] loaded module [x-pack-identity-provider]
[2021-04-05T09:28:51,246][INFO ][o.e.p.PluginsService     ] [KUBUNTU] loaded module [x-pack-ilm]
[2021-04-05T09:28:51,246][INFO ][o.e.p.PluginsService     ] [KUBUNTU] loaded module [x-pack-ingest]
[2021-04-05T09:28:51,247][INFO ][o.e.p.PluginsService     ] [KUBUNTU] loaded module [x-pack-logstash]
[2021-04-05T09:28:51,247][INFO ][o.e.p.PluginsService     ] [KUBUNTU] loaded module [x-pack-ml]
[2021-04-05T09:28:51,247][INFO ][o.e.p.PluginsService     ] [KUBUNTU] loaded module [x-pack-monitoring]
[2021-04-05T09:28:51,248][INFO ][o.e.p.PluginsService     ] [KUBUNTU] loaded module [x-pack-ql]
[2021-04-05T09:28:51,248][INFO ][o.e.p.PluginsService     ] [KUBUNTU] loaded module [x-pack-rollup]
[2021-04-05T09:28:51,248][INFO ][o.e.p.PluginsService     ] [KUBUNTU] loaded module [x-pack-runtime-fields]
[2021-04-05T09:28:51,248][INFO ][o.e.p.PluginsService     ] [KUBUNTU] loaded module [x-pack-security]
[2021-04-05T09:28:51,249][INFO ][o.e.p.PluginsService     ] [KUBUNTU] loaded module [x-pack-sql]
[2021-04-05T09:28:51,249][INFO ][o.e.p.PluginsService     ] [KUBUNTU] loaded module [x-pack-stack]
[2021-04-05T09:28:51,249][INFO ][o.e.p.PluginsService     ] [KUBUNTU] loaded module [x-pack-text-structure]
[2021-04-05T09:28:51,249][INFO ][o.e.p.PluginsService     ] [KUBUNTU] loaded module [x-pack-voting-only-node]
[2021-04-05T09:28:51,249][INFO ][o.e.p.PluginsService     ] [KUBUNTU] loaded module [x-pack-watcher]
[2021-04-05T09:28:51,250][INFO ][o.e.p.PluginsService     ] [KUBUNTU] no plugins loaded
[2021-04-05T09:28:51,358][INFO ][o.e.e.NodeEnvironment    ] [KUBUNTU] using [1] data paths, mounts [[/ (/dev/sda4)]], net usable_space [13.8gb], net total_space [249.2gb], types [ext4]
[2021-04-05T09:28:51,359][INFO ][o.e.e.NodeEnvironment    ] [KUBUNTU] heap size [3.8gb], compressed ordinary object pointers [true]
[2021-04-05T09:28:51,631][INFO ][o.e.n.Node               ] [KUBUNTU] node name [KUBUNTU], node ID [Y7dk-T3lRCS98GdiNEUpWw], cluster name [elasticsearch], roles [transform, data_frozen, master, remote_cluster_client, data, ml, data_content, data_hot, data_warm, data_cold, ingest]
[2021-04-05T09:28:59,588][INFO ][o.e.x.m.p.l.CppLogMessageHandler] [KUBUNTU] [controller/4187] [Main.cc@117] controller (64 bit): Version 7.12.0 (Build 778cc7261dfdd1) Copyright (c) 2021 Elasticsearch BV
[2021-04-05T09:29:00,821][INFO ][o.e.x.s.a.s.FileRolesStore] [KUBUNTU] parsed [0] roles from file [/home/joseph/文件/Web Intelligence and Message Understanding/assigmment1/elasticsearch-7.12.0/config/roles.yml]
[2021-04-05T09:29:06,575][INFO ][o.e.t.NettyAllocator     ] [KUBUNTU] creating NettyAllocator with the following configs: [name=elasticsearch_configured, chunk_size=1mb, suggested_max_allocation_size=1mb, factors={es.unsafe.use_netty_default_chunk_and_page_size=false, g1gc_enabled=true, g1gc_region_size=4mb}]
[2021-04-05T09:29:06,870][INFO ][o.e.d.DiscoveryModule    ] [KUBUNTU] using discovery type [zen] and seed hosts providers [settings]
[2021-04-05T09:29:07,749][INFO ][o.e.g.DanglingIndicesState] [KUBUNTU] gateway.auto_import_dangling_indices is disabled, dangling indices will not be automatically detected or imported and must be managed manually
[2021-04-05T09:29:08,582][INFO ][o.e.n.Node               ] [KUBUNTU] initialized
[2021-04-05T09:29:08,582][INFO ][o.e.n.Node               ] [KUBUNTU] starting ...
[2021-04-05T09:29:08,755][INFO ][o.e.x.s.c.PersistentCache] [KUBUNTU] persistent cache index loaded
[2021-04-05T09:29:09,476][INFO ][o.e.t.TransportService   ] [KUBUNTU] publish_address {127.0.0.1:9300}, bound_addresses {[::1]:9300}, {127.0.0.1:9300}
[2021-04-05T09:29:20,138][WARN ][o.e.b.BootstrapChecks    ] [KUBUNTU] max virtual memory areas vm.max_map_count [65530] is too low, increase to at least [262144]
[2021-04-05T09:29:20,138][WARN ][o.e.b.BootstrapChecks    ] [KUBUNTU] the default discovery settings are unsuitable for production use; at least one of [discovery.seed_hosts, discovery.seed_providers, cluster.initial_master_nodes] must be configured
[2021-04-05T09:29:20,140][INFO ][o.e.c.c.Coordinator      ] [KUBUNTU] cluster UUID [p_S3UoMlRnagAyPIcBn7VA]
[2021-04-05T09:29:20,150][INFO ][o.e.c.c.ClusterBootstrapService] [KUBUNTU] no discovery configuration found, will perform best-effort cluster bootstrapping after [3s] unless existing master is discovered
[2021-04-05T09:29:22,956][INFO ][o.e.c.s.MasterService    ] [KUBUNTU] elected-as-master ([1] nodes joined)[{KUBUNTU}{Y7dk-T3lRCS98GdiNEUpWw}{i0gQZhCaR9uheL-L6vm88w}{127.0.0.1}{127.0.0.1:9300}{cdfhilmrstw}{ml.machine_memory=8259272704, xpack.installed=true, transform.node=true, ml.max_open_jobs=20, ml.max_jvm_size=4131389440} elect leader, _BECOME_MASTER_TASK_, _FINISH_ELECTION_], term: 7, version: 101, delta: master node changed {previous [], current [{KUBUNTU}{Y7dk-T3lRCS98GdiNEUpWw}{i0gQZhCaR9uheL-L6vm88w}{127.0.0.1}{127.0.0.1:9300}{cdfhilmrstw}{ml.machine_memory=8259272704, xpack.installed=true, transform.node=true, ml.max_open_jobs=20, ml.max_jvm_size=4131389440}]}
[2021-04-05T09:29:23,418][INFO ][o.e.c.s.ClusterApplierService] [KUBUNTU] master node changed {previous [], current [{KUBUNTU}{Y7dk-T3lRCS98GdiNEUpWw}{i0gQZhCaR9uheL-L6vm88w}{127.0.0.1}{127.0.0.1:9300}{cdfhilmrstw}{ml.machine_memory=8259272704, xpack.installed=true, transform.node=true, ml.max_open_jobs=20, ml.max_jvm_size=4131389440}]}, term: 7, version: 101, reason: Publication{term=7, version=101}
[2021-04-05T09:29:24,079][INFO ][o.e.h.AbstractHttpServerTransport] [KUBUNTU] publish_address {127.0.0.1:9200}, bound_addresses {[::1]:9200}, {127.0.0.1:9200}
[2021-04-05T09:29:24,080][INFO ][o.e.n.Node               ] [KUBUNTU] started
[2021-04-05T09:29:24,228][WARN ][o.e.c.r.a.DiskThresholdMonitor] [KUBUNTU] high disk watermark [90%] exceeded on [Y7dk-T3lRCS98GdiNEUpWw][KUBUNTU][/home/joseph/文件/Web Intelligence and Message Understanding/assigmment1/elasticsearch-7.12.0/data/nodes/0] free: 13.8gb[5.5%], shards will be relocated away from this node; currently relocating away shards totalling [0] bytes; the node is expected to continue to exceed the high disk watermark when these relocations are complete
[2021-04-05T09:29:25,932][INFO ][o.e.l.LicenseService     ] [KUBUNTU] license [5a947866-ab2e-4971-a284-c3efe538ea43] mode [basic] - valid
[2021-04-05T09:29:25,934][INFO ][o.e.x.s.s.SecurityStatusChangeListener] [KUBUNTU] Active license is now [BASIC]; Security is disabled
[2021-04-05T09:29:25,991][INFO ][o.e.g.GatewayService     ] [KUBUNTU] recovered [9] indices into cluster_state
[2021-04-05T09:29:39,233][INFO ][o.e.c.r.a.AllocationService] [KUBUNTU] Cluster health status changed from [RED] to [YELLOW] (reason: [shards started [[.kibana-event-log-7.12.0-000001][0]]]).
[2021-04-05T09:30:00,019][INFO ][o.e.x.s.SnapshotRetentionTask] [KUBUNTU] starting SLM retention snapshot cleanup task
[2021-04-05T09:30:00,020][INFO ][o.e.x.s.SnapshotRetentionTask] [KUBUNTU] there are no repositories to fetch, SLM retention snapshot cleanup task complete
[2021-04-05T09:30:53,556][WARN ][o.e.c.r.a.DiskThresholdMonitor] [KUBUNTU] high disk watermark [90%] exceeded on [Y7dk-T3lRCS98GdiNEUpWw][KUBUNTU][/home/joseph/文件/Web Intelligence and Message Understanding/assigmment1/elasticsearch-7.12.0/data/nodes/0] free: 13.7gb[5.5%], shards will be relocated away from this node; currently relocating away shards totalling [0] bytes; the node is expected to continue to exceed the high disk watermark when these relocations are complete
[2021-04-05T09:30:58,281][INFO ][o.e.t.LoggingTaskListener] [KUBUNTU] 152 finished with response BulkByScrollResponse[took=429.4ms,timed_out=false,sliceId=null,updated=9,created=0,deleted=0,batches=1,versionConflicts=0,noops=0,retries=0,throttledUntil=0s,bulk_failures=[],search_failures=[]]
[2021-04-05T09:30:58,406][INFO ][o.e.t.LoggingTaskListener] [KUBUNTU] 165 finished with response BulkByScrollResponse[took=558.6ms,timed_out=false,sliceId=null,updated=32,created=0,deleted=0,batches=1,versionConflicts=0,noops=0,retries=0,throttledUntil=0s,bulk_failures=[],search_failures=[]]
[2021-04-05T09:31:53,581][WARN ][o.e.c.r.a.DiskThresholdMonitor] [KUBUNTU] high disk watermark [90%] exceeded on [Y7dk-T3lRCS98GdiNEUpWw][KUBUNTU][/home/joseph/文件/Web Intelligence and Message Understanding/assigmment1/elasticsearch-7.12.0/data/nodes/0] free: 13.7gb[5.5%], shards will be relocated away from this node; currently relocating away shards totalling [0] bytes; the node is expected to continue to exceed the high disk watermark when these relocations are complete
[2021-04-05T09:32:53,603][WARN ][o.e.c.r.a.DiskThresholdMonitor] [KUBUNTU] high disk watermark [90%] exceeded on [Y7dk-T3lRCS98GdiNEUpWw][KUBUNTU][/home/joseph/文件/Web Intelligence and Message Understanding/assigmment1/elasticsearch-7.12.0/data/nodes/0] free: 13.7gb[5.5%], shards will be relocated away from this node; currently relocating away shards totalling [0] bytes; the node is expected to continue to exceed the high disk watermark when these relocations are complete
[2021-04-05T09:33:53,632][WARN ][o.e.c.r.a.DiskThresholdMonitor] [KUBUNTU] high disk watermark [90%] exceeded on [Y7dk-T3lRCS98GdiNEUpWw][KUBUNTU][/home/joseph/文件/Web Intelligence and Message Understanding/assigmment1/elasticsearch-7.12.0/data/nodes/0] free: 13.7gb[5.5%], shards will be relocated away from this node; currently relocating away shards totalling [0] bytes; the node is expected to continue to exceed the high disk watermark when these relocations are complete
[2021-04-05T09:34:53,657][WARN ][o.e.c.r.a.DiskThresholdMonitor] [KUBUNTU] high disk watermark [90%] exceeded on [Y7dk-T3lRCS98GdiNEUpWw][KUBUNTU][/home/joseph/文件/Web Intelligence and Message Understanding/assigmment1/elasticsearch-7.12.0/data/nodes/0] free: 13.7gb[5.5%], shards will be relocated away from this node; currently relocating away shards totalling [0] bytes; the node is expected to continue to exceed the high disk watermark when these relocations are complete
[2021-04-05T09:36:23,692][WARN ][o.e.c.r.a.DiskThresholdMonitor] [KUBUNTU] high disk watermark [90%] exceeded on [Y7dk-T3lRCS98GdiNEUpWw][KUBUNTU][/home/joseph/文件/Web Intelligence and Message Understanding/assigmment1/elasticsearch-7.12.0/data/nodes/0] free: 13.7gb[5.5%], shards will be relocated away from this node; currently relocating away shards totalling [0] bytes; the node is expected to continue to exceed the high disk watermark when these relocations are complete
[2021-04-05T09:37:23,716][WARN ][o.e.c.r.a.DiskThresholdMonitor] [KUBUNTU] high disk watermark [90%] exceeded on [Y7dk-T3lRCS98GdiNEUpWw][KUBUNTU][/home/joseph/文件/Web Intelligence and Message Understanding/assigmment1/elasticsearch-7.12.0/data/nodes/0] free: 13.7gb[5.5%], shards will be relocated away from this node; currently relocating away shards totalling [0] bytes; the node is expected to continue to exceed the high disk watermark when these relocations are complete
[2021-04-05T09:38:23,738][WARN ][o.e.c.r.a.DiskThresholdMonitor] [KUBUNTU] high disk watermark [90%] exceeded on [Y7dk-T3lRCS98GdiNEUpWw][KUBUNTU][/home/joseph/文件/Web Intelligence and Message Understanding/assigmment1/elasticsearch-7.12.0/data/nodes/0] free: 13.7gb[5.5%], shards will be relocated away from this node; currently relocating away shards totalling [0] bytes; the node is expected to continue to exceed the high disk watermark when these relocations are complete
[2021-04-05T09:39:23,757][WARN ][o.e.c.r.a.DiskThresholdMonitor] [KUBUNTU] high disk watermark [90%] exceeded on [Y7dk-T3lRCS98GdiNEUpWw][KUBUNTU][/home/joseph/文件/Web Intelligence and Message Understanding/assigmment1/elasticsearch-7.12.0/data/nodes/0] free: 13.7gb[5.5%], shards will be relocated away from this node; currently relocating away shards totalling [0] bytes; the node is expected to continue to exceed the high disk watermark when these relocations are complete
[2021-04-05T09:40:23,784][WARN ][o.e.c.r.a.DiskThresholdMonitor] [KUBUNTU] high disk watermark [90%] exceeded on [Y7dk-T3lRCS98GdiNEUpWw][KUBUNTU][/home/joseph/文件/Web Intelligence and Message Understanding/assigmment1/elasticsearch-7.12.0/data/nodes/0] free: 13.7gb[5.5%], shards will be relocated away from this node; currently relocating away shards totalling [0] bytes; the node is expected to continue to exceed the high disk watermark when these relocations are complete
[2021-04-05T09:41:23,797][WARN ][o.e.c.r.a.DiskThresholdMonitor] [KUBUNTU] high disk watermark [90%] exceeded on [Y7dk-T3lRCS98GdiNEUpWw][KUBUNTU][/home/joseph/文件/Web Intelligence and Message Understanding/assigmment1/elasticsearch-7.12.0/data/nodes/0] free: 13.7gb[5.5%], shards will be relocated away from this node; currently relocating away shards totalling [0] bytes; the node is expected to continue to exceed the high disk watermark when these relocations are complete
[2021-04-05T09:42:23,820][WARN ][o.e.c.r.a.DiskThresholdMonitor] [KUBUNTU] high disk watermark [90%] exceeded on [Y7dk-T3lRCS98GdiNEUpWw][KUBUNTU][/home/joseph/文件/Web Intelligence and Message Understanding/assigmment1/elasticsearch-7.12.0/data/nodes/0] free: 13.7gb[5.5%], shards will be relocated away from this node; currently relocating away shards totalling [0] bytes; the node is expected to continue to exceed the high disk watermark when these relocations are complete
[2021-04-05T09:43:23,838][WARN ][o.e.c.r.a.DiskThresholdMonitor] [KUBUNTU] high disk watermark [90%] exceeded on [Y7dk-T3lRCS98GdiNEUpWw][KUBUNTU][/home/joseph/文件/Web Intelligence and Message Understanding/assigmment1/elasticsearch-7.12.0/data/nodes/0] free: 13.7gb[5.5%], shards will be relocated away from this node; currently relocating away shards totalling [0] bytes; the node is expected to continue to exceed the high disk watermark when these relocations are complete
[2021-04-05T09:44:53,866][WARN ][o.e.c.r.a.DiskThresholdMonitor] [KUBUNTU] high disk watermark [90%] exceeded on [Y7dk-T3lRCS98GdiNEUpWw][KUBUNTU][/home/joseph/文件/Web Intelligence and Message Understanding/assigmment1/elasticsearch-7.12.0/data/nodes/0] free: 13.7gb[5.5%], shards will be relocated away from this node; currently relocating away shards totalling [0] bytes; the node is expected to continue to exceed the high disk watermark when these relocations are complete
[2021-04-05T09:45:53,881][WARN ][o.e.c.r.a.DiskThresholdMonitor] [KUBUNTU] high disk watermark [90%] exceeded on [Y7dk-T3lRCS98GdiNEUpWw][KUBUNTU][/home/joseph/文件/Web Intelligence and Message Understanding/assigmment1/elasticsearch-7.12.0/data/nodes/0] free: 13.7gb[5.5%], shards will be relocated away from this node; currently relocating away shards totalling [0] bytes; the node is expected to continue to exceed the high disk watermark when these relocations are complete
[2021-04-05T09:46:53,904][WARN ][o.e.c.r.a.DiskThresholdMonitor] [KUBUNTU] high disk watermark [90%] exceeded on [Y7dk-T3lRCS98GdiNEUpWw][KUBUNTU][/home/joseph/文件/Web Intelligence and Message Understanding/assigmment1/elasticsearch-7.12.0/data/nodes/0] free: 13.7gb[5.5%], shards will be relocated away from this node; currently relocating away shards totalling [0] bytes; the node is expected to continue to exceed the high disk watermark when these relocations are complete
[2021-04-05T09:47:53,928][WARN ][o.e.c.r.a.DiskThresholdMonitor] [KUBUNTU] high disk watermark [90%] exceeded on [Y7dk-T3lRCS98GdiNEUpWw][KUBUNTU][/home/joseph/文件/Web Intelligence and Message Understanding/assigmment1/elasticsearch-7.12.0/data/nodes/0] free: 13.7gb[5.5%], shards will be relocated away from this node; currently relocating away shards totalling [0] bytes; the node is expected to continue to exceed the high disk watermark when these relocations are complete
[2021-04-05T09:48:53,943][WARN ][o.e.c.r.a.DiskThresholdMonitor] [KUBUNTU] high disk watermark [90%] exceeded on [Y7dk-T3lRCS98GdiNEUpWw][KUBUNTU][/home/joseph/文件/Web Intelligence and Message Understanding/assigmment1/elasticsearch-7.12.0/data/nodes/0] free: 13.7gb[5.5%], shards will be relocated away from this node; currently relocating away shards totalling [0] bytes; the node is expected to continue to exceed the high disk watermark when these relocations are complete
[2021-04-05T09:49:53,954][WARN ][o.e.c.r.a.DiskThresholdMonitor] [KUBUNTU] high disk watermark [90%] exceeded on [Y7dk-T3lRCS98GdiNEUpWw][KUBUNTU][/home/joseph/文件/Web Intelligence and Message Understanding/assigmment1/elasticsearch-7.12.0/data/nodes/0] free: 13.7gb[5.5%], shards will be relocated away from this node; currently relocating away shards totalling [0] bytes; the node is expected to continue to exceed the high disk watermark when these relocations are complete
[2021-04-05T09:51:23,983][WARN ][o.e.c.r.a.DiskThresholdMonitor] [KUBUNTU] high disk watermark [90%] exceeded on [Y7dk-T3lRCS98GdiNEUpWw][KUBUNTU][/home/joseph/文件/Web Intelligence and Message Understanding/assigmment1/elasticsearch-7.12.0/data/nodes/0] free: 13.7gb[5.5%], shards will be relocated away from this node; currently relocating away shards totalling [0] bytes; the node is expected to continue to exceed the high disk watermark when these relocations are complete
[2021-04-05T09:52:24,001][WARN ][o.e.c.r.a.DiskThresholdMonitor] [KUBUNTU] high disk watermark [90%] exceeded on [Y7dk-T3lRCS98GdiNEUpWw][KUBUNTU][/home/joseph/文件/Web Intelligence and Message Understanding/assigmment1/elasticsearch-7.12.0/data/nodes/0] free: 13.7gb[5.5%], shards will be relocated away from this node; currently relocating away shards totalling [0] bytes; the node is expected to continue to exceed the high disk watermark when these relocations are complete
[2021-04-05T09:53:24,026][WARN ][o.e.c.r.a.DiskThresholdMonitor] [KUBUNTU] high disk watermark [90%] exceeded on [Y7dk-T3lRCS98GdiNEUpWw][KUBUNTU][/home/joseph/文件/Web Intelligence and Message Understanding/assigmment1/elasticsearch-7.12.0/data/nodes/0] free: 13.7gb[5.5%], shards will be relocated away from this node; currently relocating away shards totalling [0] bytes; the node is expected to continue to exceed the high disk watermark when these relocations are complete
[2021-04-05T09:54:24,048][WARN ][o.e.c.r.a.DiskThresholdMonitor] [KUBUNTU] high disk watermark [90%] exceeded on [Y7dk-T3lRCS98GdiNEUpWw][KUBUNTU][/home/joseph/文件/Web Intelligence and Message Understanding/assigmment1/elasticsearch-7.12.0/data/nodes/0] free: 13.7gb[5.5%], shards will be relocated away from this node; currently relocating away shards totalling [0] bytes; the node is expected to continue to exceed the high disk watermark when these relocations are complete
[2021-04-05T09:55:24,065][WARN ][o.e.c.r.a.DiskThresholdMonitor] [KUBUNTU] high disk watermark [90%] exceeded on [Y7dk-T3lRCS98GdiNEUpWw][KUBUNTU][/home/joseph/文件/Web Intelligence and Message Understanding/assigmment1/elasticsearch-7.12.0/data/nodes/0] free: 13.7gb[5.5%], shards will be relocated away from this node; currently relocating away shards totalling [0] bytes; the node is expected to continue to exceed the high disk watermark when these relocations are complete
[2021-04-05T09:56:24,088][WARN ][o.e.c.r.a.DiskThresholdMonitor] [KUBUNTU] high disk watermark [90%] exceeded on [Y7dk-T3lRCS98GdiNEUpWw][KUBUNTU][/home/joseph/文件/Web Intelligence and Message Understanding/assigmment1/elasticsearch-7.12.0/data/nodes/0] free: 13.7gb[5.5%], shards will be relocated away from this node; currently relocating away shards totalling [0] bytes; the node is expected to continue to exceed the high disk watermark when these relocations are complete
[2021-04-05T10:19:02,672][WARN ][o.e.c.r.a.DiskThresholdMonitor] [KUBUNTU] high disk watermark [90%] exceeded on [Y7dk-T3lRCS98GdiNEUpWw][KUBUNTU][/home/joseph/文件/Web Intelligence and Message Understanding/assigmment1/elasticsearch-7.12.0/data/nodes/0] free: 13.7gb[5.5%], shards will be relocated away from this node; currently relocating away shards totalling [0] bytes; the node is expected to continue to exceed the high disk watermark when these relocations are complete
[2021-04-05T10:20:32,702][WARN ][o.e.c.r.a.DiskThresholdMonitor] [KUBUNTU] high disk watermark [90%] exceeded on [Y7dk-T3lRCS98GdiNEUpWw][KUBUNTU][/home/joseph/文件/Web Intelligence and Message Understanding/assigmment1/elasticsearch-7.12.0/data/nodes/0] free: 13.7gb[5.5%], shards will be relocated away from this node; currently relocating away shards totalling [0] bytes; the node is expected to continue to exceed the high disk watermark when these relocations are complete
[2021-04-05T10:21:32,723][WARN ][o.e.c.r.a.DiskThresholdMonitor] [KUBUNTU] high disk watermark [90%] exceeded on [Y7dk-T3lRCS98GdiNEUpWw][KUBUNTU][/home/joseph/文件/Web Intelligence and Message Understanding/assigmment1/elasticsearch-7.12.0/data/nodes/0] free: 13.7gb[5.5%], shards will be relocated away from this node; currently relocating away shards totalling [0] bytes; the node is expected to continue to exceed the high disk watermark when these relocations are complete
[2021-04-05T10:22:32,742][WARN ][o.e.c.r.a.DiskThresholdMonitor] [KUBUNTU] high disk watermark [90%] exceeded on [Y7dk-T3lRCS98GdiNEUpWw][KUBUNTU][/home/joseph/文件/Web Intelligence and Message Understanding/assigmment1/elasticsearch-7.12.0/data/nodes/0] free: 13.7gb[5.5%], shards will be relocated away from this node; currently relocating away shards totalling [0] bytes; the node is expected to continue to exceed the high disk watermark when these relocations are complete
[2021-04-05T10:23:32,760][WARN ][o.e.c.r.a.DiskThresholdMonitor] [KUBUNTU] high disk watermark [90%] exceeded on [Y7dk-T3lRCS98GdiNEUpWw][KUBUNTU][/home/joseph/文件/Web Intelligence and Message Understanding/assigmment1/elasticsearch-7.12.0/data/nodes/0] free: 13.7gb[5.5%], shards will be relocated away from this node; currently relocating away shards totalling [0] bytes; the node is expected to continue to exceed the high disk watermark when these relocations are complete
[2021-04-05T10:24:32,776][WARN ][o.e.c.r.a.DiskThresholdMonitor] [KUBUNTU] high disk watermark [90%] exceeded on [Y7dk-T3lRCS98GdiNEUpWw][KUBUNTU][/home/joseph/文件/Web Intelligence and Message Understanding/assigmment1/elasticsearch-7.12.0/data/nodes/0] free: 13.7gb[5.5%], shards will be relocated away from this node; currently relocating away shards totalling [0] bytes; the node is expected to continue to exceed the high disk watermark when these relocations are complete
[2021-04-05T10:25:32,799][WARN ][o.e.c.r.a.DiskThresholdMonitor] [KUBUNTU] high disk watermark [90%] exceeded on [Y7dk-T3lRCS98GdiNEUpWw][KUBUNTU][/home/joseph/文件/Web Intelligence and Message Understanding/assigmment1/elasticsearch-7.12.0/data/nodes/0] free: 13.7gb[5.5%], shards will be relocated away from this node; currently relocating away shards totalling [0] bytes; the node is expected to continue to exceed the high disk watermark when these relocations are complete
[2021-04-05T10:27:02,832][WARN ][o.e.c.r.a.DiskThresholdMonitor] [KUBUNTU] high disk watermark [90%] exceeded on [Y7dk-T3lRCS98GdiNEUpWw][KUBUNTU][/home/joseph/文件/Web Intelligence and Message Understanding/assigmment1/elasticsearch-7.12.0/data/nodes/0] free: 13.7gb[5.5%], shards will be relocated away from this node; currently relocating away shards totalling [0] bytes; the node is expected to continue to exceed the high disk watermark when these relocations are complete
[2021-04-05T10:28:02,852][WARN ][o.e.c.r.a.DiskThresholdMonitor] [KUBUNTU] high disk watermark [90%] exceeded on [Y7dk-T3lRCS98GdiNEUpWw][KUBUNTU][/home/joseph/文件/Web Intelligence and Message Understanding/assigmment1/elasticsearch-7.12.0/data/nodes/0] free: 13.7gb[5.5%], shards will be relocated away from this node; currently relocating away shards totalling [0] bytes; the node is expected to continue to exceed the high disk watermark when these relocations are complete
[2021-04-05T10:29:02,873][WARN ][o.e.c.r.a.DiskThresholdMonitor] [KUBUNTU] high disk watermark [90%] exceeded on [Y7dk-T3lRCS98GdiNEUpWw][KUBUNTU][/home/joseph/文件/Web Intelligence and Message Understanding/assigmment1/elasticsearch-7.12.0/data/nodes/0] free: 13.7gb[5.5%], shards will be relocated away from this node; currently relocating away shards totalling [0] bytes; the node is expected to continue to exceed the high disk watermark when these relocations are complete
[2021-04-05T10:30:02,894][WARN ][o.e.c.r.a.DiskThresholdMonitor] [KUBUNTU] high disk watermark [90%] exceeded on [Y7dk-T3lRCS98GdiNEUpWw][KUBUNTU][/home/joseph/文件/Web Intelligence and Message Understanding/assigmment1/elasticsearch-7.12.0/data/nodes/0] free: 13.7gb[5.5%], shards will be relocated away from this node; currently relocating away shards totalling [0] bytes; the node is expected to continue to exceed the high disk watermark when these relocations are complete
[2021-04-05T10:31:02,909][WARN ][o.e.c.r.a.DiskThresholdMonitor] [KUBUNTU] high disk watermark [90%] exceeded on [Y7dk-T3lRCS98GdiNEUpWw][KUBUNTU][/home/joseph/文件/Web Intelligence and Message Understanding/assigmment1/elasticsearch-7.12.0/data/nodes/0] free: 13.7gb[5.5%], shards will be relocated away from this node; currently relocating away shards totalling [0] bytes; the node is expected to continue to exceed the high disk watermark when these relocations are complete
[2021-04-05T10:32:02,923][WARN ][o.e.c.r.a.DiskThresholdMonitor] [KUBUNTU] high disk watermark [90%] exceeded on [Y7dk-T3lRCS98GdiNEUpWw][KUBUNTU][/home/joseph/文件/Web Intelligence and Message Understanding/assigmment1/elasticsearch-7.12.0/data/nodes/0] free: 13.7gb[5.5%], shards will be relocated away from this node; currently relocating away shards totalling [0] bytes; the node is expected to continue to exceed the high disk watermark when these relocations are complete
[2021-04-05T10:33:32,950][WARN ][o.e.c.r.a.DiskThresholdMonitor] [KUBUNTU] high disk watermark [90%] exceeded on [Y7dk-T3lRCS98GdiNEUpWw][KUBUNTU][/home/joseph/文件/Web Intelligence and Message Understanding/assigmment1/elasticsearch-7.12.0/data/nodes/0] free: 13.7gb[5.5%], shards will be relocated away from this node; currently relocating away shards totalling [0] bytes; the node is expected to continue to exceed the high disk watermark when these relocations are complete
[2021-04-05T10:34:32,968][WARN ][o.e.c.r.a.DiskThresholdMonitor] [KUBUNTU] high disk watermark [90%] exceeded on [Y7dk-T3lRCS98GdiNEUpWw][KUBUNTU][/home/joseph/文件/Web Intelligence and Message Understanding/assigmment1/elasticsearch-7.12.0/data/nodes/0] free: 13.7gb[5.5%], shards will be relocated away from this node; currently relocating away shards totalling [0] bytes; the node is expected to continue to exceed the high disk watermark when these relocations are complete
[2021-04-05T10:35:32,988][WARN ][o.e.c.r.a.DiskThresholdMonitor] [KUBUNTU] high disk watermark [90%] exceeded on [Y7dk-T3lRCS98GdiNEUpWw][KUBUNTU][/home/joseph/文件/Web Intelligence and Message Understanding/assigmment1/elasticsearch-7.12.0/data/nodes/0] free: 13.7gb[5.5%], shards will be relocated away from this node; currently relocating away shards totalling [0] bytes; the node is expected to continue to exceed the high disk watermark when these relocations are complete
[2021-04-05T10:36:33,005][WARN ][o.e.c.r.a.DiskThresholdMonitor] [KUBUNTU] high disk watermark [90%] exceeded on [Y7dk-T3lRCS98GdiNEUpWw][KUBUNTU][/home/joseph/文件/Web Intelligence and Message Understanding/assigmment1/elasticsearch-7.12.0/data/nodes/0] free: 13.7gb[5.5%], shards will be relocated away from this node; currently relocating away shards totalling [0] bytes; the node is expected to continue to exceed the high disk watermark when these relocations are complete
[2021-04-05T10:37:33,023][WARN ][o.e.c.r.a.DiskThresholdMonitor] [KUBUNTU] high disk watermark [90%] exceeded on [Y7dk-T3lRCS98GdiNEUpWw][KUBUNTU][/home/joseph/文件/Web Intelligence and Message Understanding/assigmment1/elasticsearch-7.12.0/data/nodes/0] free: 13.7gb[5.5%], shards will be relocated away from this node; currently relocating away shards totalling [0] bytes; the node is expected to continue to exceed the high disk watermark when these relocations are complete
[2021-04-05T10:39:03,055][WARN ][o.e.c.r.a.DiskThresholdMonitor] [KUBUNTU] high disk watermark [90%] exceeded on [Y7dk-T3lRCS98GdiNEUpWw][KUBUNTU][/home/joseph/文件/Web Intelligence and Message Understanding/assigmment1/elasticsearch-7.12.0/data/nodes/0] free: 13.7gb[5.5%], shards will be relocated away from this node; currently relocating away shards totalling [0] bytes; the node is expected to continue to exceed the high disk watermark when these relocations are complete
[2021-04-05T10:40:03,073][WARN ][o.e.c.r.a.DiskThresholdMonitor] [KUBUNTU] high disk watermark [90%] exceeded on [Y7dk-T3lRCS98GdiNEUpWw][KUBUNTU][/home/joseph/文件/Web Intelligence and Message Understanding/assigmment1/elasticsearch-7.12.0/data/nodes/0] free: 13.7gb[5.5%], shards will be relocated away from this node; currently relocating away shards totalling [0] bytes; the node is expected to continue to exceed the high disk watermark when these relocations are complete
[2021-04-05T10:41:03,090][WARN ][o.e.c.r.a.DiskThresholdMonitor] [KUBUNTU] high disk watermark [90%] exceeded on [Y7dk-T3lRCS98GdiNEUpWw][KUBUNTU][/home/joseph/文件/Web Intelligence and Message Understanding/assigmment1/elasticsearch-7.12.0/data/nodes/0] free: 13.7gb[5.5%], shards will be relocated away from this node; currently relocating away shards totalling [0] bytes; the node is expected to continue to exceed the high disk watermark when these relocations are complete
[2021-04-05T10:42:03,105][WARN ][o.e.c.r.a.DiskThresholdMonitor] [KUBUNTU] high disk watermark [90%] exceeded on [Y7dk-T3lRCS98GdiNEUpWw][KUBUNTU][/home/joseph/文件/Web Intelligence and Message Understanding/assigmment1/elasticsearch-7.12.0/data/nodes/0] free: 13.7gb[5.5%], shards will be relocated away from this node; currently relocating away shards totalling [0] bytes; the node is expected to continue to exceed the high disk watermark when these relocations are complete
[2021-04-05T10:43:03,128][WARN ][o.e.c.r.a.DiskThresholdMonitor] [KUBUNTU] high disk watermark [90%] exceeded on [Y7dk-T3lRCS98GdiNEUpWw][KUBUNTU][/home/joseph/文件/Web Intelligence and Message Understanding/assigmment1/elasticsearch-7.12.0/data/nodes/0] free: 13.7gb[5.5%], shards will be relocated away from this node; currently relocating away shards totalling [0] bytes; the node is expected to continue to exceed the high disk watermark when these relocations are complete
[2021-04-05T10:44:03,154][WARN ][o.e.c.r.a.DiskThresholdMonitor] [KUBUNTU] high disk watermark [90%] exceeded on [Y7dk-T3lRCS98GdiNEUpWw][KUBUNTU][/home/joseph/文件/Web Intelligence and Message Understanding/assigmment1/elasticsearch-7.12.0/data/nodes/0] free: 13.7gb[5.5%], shards will be relocated away from this node; currently relocating away shards totalling [0] bytes; the node is expected to continue to exceed the high disk watermark when these relocations are complete
[2021-04-05T10:45:33,183][WARN ][o.e.c.r.a.DiskThresholdMonitor] [KUBUNTU] high disk watermark [90%] exceeded on [Y7dk-T3lRCS98GdiNEUpWw][KUBUNTU][/home/joseph/文件/Web Intelligence and Message Understanding/assigmment1/elasticsearch-7.12.0/data/nodes/0] free: 13.7gb[5.5%], shards will be relocated away from this node; currently relocating away shards totalling [0] bytes; the node is expected to continue to exceed the high disk watermark when these relocations are complete
[2021-04-05T10:46:33,208][WARN ][o.e.c.r.a.DiskThresholdMonitor] [KUBUNTU] high disk watermark [90%] exceeded on [Y7dk-T3lRCS98GdiNEUpWw][KUBUNTU][/home/joseph/文件/Web Intelligence and Message Understanding/assigmment1/elasticsearch-7.12.0/data/nodes/0] free: 13.7gb[5.5%], shards will be relocated away from this node; currently relocating away shards totalling [0] bytes; the node is expected to continue to exceed the high disk watermark when these relocations are complete
[2021-04-05T10:47:33,234][WARN ][o.e.c.r.a.DiskThresholdMonitor] [KUBUNTU] high disk watermark [90%] exceeded on [Y7dk-T3lRCS98GdiNEUpWw][KUBUNTU][/home/joseph/文件/Web Intelligence and Message Understanding/assigmment1/elasticsearch-7.12.0/data/nodes/0] free: 13.7gb[5.5%], shards will be relocated away from this node; currently relocating away shards totalling [0] bytes; the node is expected to continue to exceed the high disk watermark when these relocations are complete
[2021-04-05T10:48:33,248][WARN ][o.e.c.r.a.DiskThresholdMonitor] [KUBUNTU] high disk watermark [90%] exceeded on [Y7dk-T3lRCS98GdiNEUpWw][KUBUNTU][/home/joseph/文件/Web Intelligence and Message Understanding/assigmment1/elasticsearch-7.12.0/data/nodes/0] free: 13.7gb[5.5%], shards will be relocated away from this node; currently relocating away shards totalling [0] bytes; the node is expected to continue to exceed the high disk watermark when these relocations are complete
[2021-04-05T10:49:33,269][WARN ][o.e.c.r.a.DiskThresholdMonitor] [KUBUNTU] high disk watermark [90%] exceeded on [Y7dk-T3lRCS98GdiNEUpWw][KUBUNTU][/home/joseph/文件/Web Intelligence and Message Understanding/assigmment1/elasticsearch-7.12.0/data/nodes/0] free: 13.7gb[5.5%], shards will be relocated away from this node; currently relocating away shards totalling [0] bytes; the node is expected to continue to exceed the high disk watermark when these relocations are complete
[2021-04-05T10:50:33,293][WARN ][o.e.c.r.a.DiskThresholdMonitor] [KUBUNTU] high disk watermark [90%] exceeded on [Y7dk-T3lRCS98GdiNEUpWw][KUBUNTU][/home/joseph/文件/Web Intelligence and Message Understanding/assigmment1/elasticsearch-7.12.0/data/nodes/0] free: 13.7gb[5.5%], shards will be relocated away from this node; currently relocating away shards totalling [0] bytes; the node is expected to continue to exceed the high disk watermark when these relocations are complete
[2021-04-05T10:51:33,318][WARN ][o.e.c.r.a.DiskThresholdMonitor] [KUBUNTU] high disk watermark [90%] exceeded on [Y7dk-T3lRCS98GdiNEUpWw][KUBUNTU][/home/joseph/文件/Web Intelligence and Message Understanding/assigmment1/elasticsearch-7.12.0/data/nodes/0] free: 13.7gb[5.5%], shards will be relocated away from this node; currently relocating away shards totalling [0] bytes; the node is expected to continue to exceed the high disk watermark when these relocations are complete
[2021-04-05T10:53:03,351][WARN ][o.e.c.r.a.DiskThresholdMonitor] [KUBUNTU] high disk watermark [90%] exceeded on [Y7dk-T3lRCS98GdiNEUpWw][KUBUNTU][/home/joseph/文件/Web Intelligence and Message Understanding/assigmment1/elasticsearch-7.12.0/data/nodes/0] free: 13.7gb[5.5%], shards will be relocated away from this node; currently relocating away shards totalling [0] bytes; the node is expected to continue to exceed the high disk watermark when these relocations are complete
[2021-04-05T10:54:03,379][WARN ][o.e.c.r.a.DiskThresholdMonitor] [KUBUNTU] high disk watermark [90%] exceeded on [Y7dk-T3lRCS98GdiNEUpWw][KUBUNTU][/home/joseph/文件/Web Intelligence and Message Understanding/assigmment1/elasticsearch-7.12.0/data/nodes/0] free: 13.7gb[5.5%], shards will be relocated away from this node; currently relocating away shards totalling [0] bytes; the node is expected to continue to exceed the high disk watermark when these relocations are complete
[2021-04-05T10:55:03,402][WARN ][o.e.c.r.a.DiskThresholdMonitor] [KUBUNTU] high disk watermark [90%] exceeded on [Y7dk-T3lRCS98GdiNEUpWw][KUBUNTU][/home/joseph/文件/Web Intelligence and Message Understanding/assigmment1/elasticsearch-7.12.0/data/nodes/0] free: 13.7gb[5.5%], shards will be relocated away from this node; currently relocating away shards totalling [0] bytes; the node is expected to continue to exceed the high disk watermark when these relocations are complete
[2021-04-05T10:56:03,424][WARN ][o.e.c.r.a.DiskThresholdMonitor] [KUBUNTU] high disk watermark [90%] exceeded on [Y7dk-T3lRCS98GdiNEUpWw][KUBUNTU][/home/joseph/文件/Web Intelligence and Message Understanding/assigmment1/elasticsearch-7.12.0/data/nodes/0] free: 13.7gb[5.5%], shards will be relocated away from this node; currently relocating away shards totalling [0] bytes; the node is expected to continue to exceed the high disk watermark when these relocations are complete
[2021-04-05T10:57:03,443][WARN ][o.e.c.r.a.DiskThresholdMonitor] [KUBUNTU] high disk watermark [90%] exceeded on [Y7dk-T3lRCS98GdiNEUpWw][KUBUNTU][/home/joseph/文件/Web Intelligence and Message Understanding/assigmment1/elasticsearch-7.12.0/data/nodes/0] free: 13.7gb[5.5%], shards will be relocated away from this node; currently relocating away shards totalling [0] bytes; the node is expected to continue to exceed the high disk watermark when these relocations are complete
[2021-04-05T10:58:03,471][WARN ][o.e.c.r.a.DiskThresholdMonitor] [KUBUNTU] high disk watermark [90%] exceeded on [Y7dk-T3lRCS98GdiNEUpWw][KUBUNTU][/home/joseph/文件/Web Intelligence and Message Understanding/assigmment1/elasticsearch-7.12.0/data/nodes/0] free: 13.7gb[5.5%], shards will be relocated away from this node; currently relocating away shards totalling [0] bytes; the node is expected to continue to exceed the high disk watermark when these relocations are complete
[2021-04-05T10:59:33,506][WARN ][o.e.c.r.a.DiskThresholdMonitor] [KUBUNTU] high disk watermark [90%] exceeded on [Y7dk-T3lRCS98GdiNEUpWw][KUBUNTU][/home/joseph/文件/Web Intelligence and Message Understanding/assigmment1/elasticsearch-7.12.0/data/nodes/0] free: 13.7gb[5.5%], shards will be relocated away from this node; currently relocating away shards totalling [0] bytes; the node is expected to continue to exceed the high disk watermark when these relocations are complete
